# JRE version: OpenJDK Runtime Environment (21.0.5) (build 21.0.5+-12932927-b750.29)
# Java VM: OpenJDK 64-Bit Server VM (21.0.5+-12932927-b750.29, mixed mode, tiered, compressed oops, compressed class ptrs, g1 gc, windows-amd64)
GC Precious Log:
 CardTable entry size: 512
 Card Set container configuration: InlinePtr #cards 5 size 8 Array Of Cards #cards 12 size 40 Howl #buckets 4 coarsen threshold 1843 Howl Bitmap #cards 512 size 80 coarsen threshold 460 Card regions per heap region 1 cards per card region 2048
 CPUs: 8 total, 8 available
 Memory: 7413M
 Large Page Support: Disabled
 NUMA Support: Disabled
 Compressed Oops: Enabled (32-bit)
 Heap Region Size: 1M
 Heap Min Capacity: 8M
 Heap Initial Capacity: 116M
 Heap Max Capacity: 2G
 Pre-touch: Disabled
 Parallel Workers: 8
 Concurrent Workers: 2
 Concurrent Refinement Workers: 8
 Periodic GC: Disabled
Heap:
 garbage-first heap   total 286720K, used 175308K [0x0000000080000000, 0x0000000100000000)
  region size 1024K, 10 young (10240K), 5 survivors (5120K)
 Metaspace       used 126601K, committed 128960K, reserved 1179648K
  class space    used 17048K, committed 18240K, reserved 1048576K
GC Heap History (20 events):
Event: 166.432 GC heap before
{Heap before GC invocations=42 (full 0):
 garbage-first heap   total 196608K, used 182536K [0x0000000080000000, 0x0000000100000000)
  region size 1024K, 64 young (65536K), 5 survivors (5120K)
 Metaspace       used 95318K, committed 97344K, reserved 1179648K
  class space    used 12769K, committed 13824K, reserved 1048576K
}
Event: 166.445 GC heap after
{Heap after GC invocations=43 (full 0):
 garbage-first heap   total 196608K, used 126232K [0x0000000080000000, 0x0000000100000000)
  region size 1024K, 8 young (8192K), 8 survivors (8192K)
 Metaspace       used 95318K, committed 97344K, reserved 1179648K
  class space    used 12769K, committed 13824K, reserved 1048576K
}
Event: 170.309 GC heap before
{Heap before GC invocations=43 (full 0):
 garbage-first heap   total 196608K, used 174360K [0x0000000080000000, 0x0000000100000000)
  region size 1024K, 56 young (57344K), 8 survivors (8192K)
 Metaspace       used 98409K, committed 100480K, reserved 1179648K
  class space    used 13197K, committed 14272K, reserved 1048576K
}
Event: 170.336 GC heap after
{Heap after GC invocations=44 (full 0):
 garbage-first heap   total 196608K, used 128536K [0x0000000080000000, 0x0000000100000000)
  region size 1024K, 3 young (3072K), 3 survivors (3072K)
 Metaspace       used 98409K, committed 100480K, reserved 1179648K
  class space    used 13197K, committed 14272K, reserved 1048576K
}
Event: 177.302 GC heap before
{Heap before GC invocations=45 (full 0):
 garbage-first heap   total 219136K, used 180760K [0x0000000080000000, 0x0000000100000000)
  region size 1024K, 53 young (54272K), 3 survivors (3072K)
 Metaspace       used 102423K, committed 104576K, reserved 1179648K
  class space    used 13912K, committed 14976K, reserved 1048576K
}
Event: 177.307 GC heap after
{Heap after GC invocations=46 (full 0):
 garbage-first heap   total 219136K, used 129482K [0x0000000080000000, 0x0000000100000000)
  region size 1024K, 4 young (4096K), 4 survivors (4096K)
 Metaspace       used 102423K, committed 104576K, reserved 1179648K
  class space    used 13912K, committed 14976K, reserved 1048576K
}
Event: 181.418 GC heap before
{Heap before GC invocations=46 (full 0):
 garbage-first heap   total 219136K, used 215498K [0x0000000080000000, 0x0000000100000000)
  region size 1024K, 74 young (75776K), 4 survivors (4096K)
 Metaspace       used 108360K, committed 110528K, reserved 1179648K
  class space    used 14780K, committed 15872K, reserved 1048576K
}
Event: 181.433 GC heap after
{Heap after GC invocations=47 (full 0):
 garbage-first heap   total 230400K, used 150143K [0x0000000080000000, 0x0000000100000000)
  region size 1024K, 10 young (10240K), 10 survivors (10240K)
 Metaspace       used 108360K, committed 110528K, reserved 1179648K
  class space    used 14780K, committed 15872K, reserved 1048576K
}
Event: 185.278 GC heap before
{Heap before GC invocations=47 (full 0):
 garbage-first heap   total 230400K, used 205439K [0x0000000080000000, 0x0000000100000000)
  region size 1024K, 65 young (66560K), 10 survivors (10240K)
 Metaspace       used 111611K, committed 113920K, reserved 1179648K
  class space    used 15228K, committed 16384K, reserved 1048576K
}
Event: 185.316 GC heap after
{Heap after GC invocations=48 (full 0):
 garbage-first heap   total 230400K, used 155557K [0x0000000080000000, 0x0000000100000000)
  region size 1024K, 6 young (6144K), 6 survivors (6144K)
 Metaspace       used 111611K, committed 113920K, reserved 1179648K
  class space    used 15228K, committed 16384K, reserved 1048576K
}
Event: 188.212 GC heap before
{Heap before GC invocations=49 (full 0):
 garbage-first heap   total 261120K, used 208805K [0x0000000080000000, 0x0000000100000000)
  region size 1024K, 58 young (59392K), 6 survivors (6144K)
 Metaspace       used 111611K, committed 113920K, reserved 1179648K
  class space    used 15228K, committed 16384K, reserved 1048576K
}
Event: 188.219 GC heap after
{Heap after GC invocations=50 (full 0):
 garbage-first heap   total 261120K, used 158163K [0x0000000080000000, 0x0000000100000000)
  region size 1024K, 5 young (5120K), 5 survivors (5120K)
 Metaspace       used 111611K, committed 113920K, reserved 1179648K
  class space    used 15228K, committed 16384K, reserved 1048576K
}
Event: 193.281 GC heap before
{Heap before GC invocations=50 (full 0):
 garbage-first heap   total 261120K, used 241107K [0x0000000080000000, 0x0000000100000000)
  region size 1024K, 86 young (88064K), 5 survivors (5120K)
 Metaspace       used 111772K, committed 114048K, reserved 1179648K
  class space    used 15244K, committed 16384K, reserved 1048576K
}
Event: 193.304 GC heap after
{Heap after GC invocations=51 (full 0):
 garbage-first heap   total 261120K, used 162598K [0x0000000080000000, 0x0000000100000000)
  region size 1024K, 9 young (9216K), 9 survivors (9216K)
 Metaspace       used 111772K, committed 114048K, reserved 1179648K
  class space    used 15244K, committed 16384K, reserved 1048576K
}
Event: 198.690 GC heap before
{Heap before GC invocations=51 (full 0):
 garbage-first heap   total 261120K, used 238374K [0x0000000080000000, 0x0000000100000000)
  region size 1024K, 82 young (83968K), 9 survivors (9216K)
 Metaspace       used 118510K, committed 120832K, reserved 1179648K
  class space    used 16136K, committed 17280K, reserved 1048576K
}
Event: 198.710 GC heap after
{Heap after GC invocations=52 (full 0):
 garbage-first heap   total 261120K, used 165226K [0x0000000080000000, 0x0000000100000000)
  region size 1024K, 4 young (4096K), 4 survivors (4096K)
 Metaspace       used 118510K, committed 120832K, reserved 1179648K
  class space    used 16136K, committed 17280K, reserved 1048576K
}
Event: 201.163 GC heap before
{Heap before GC invocations=52 (full 0):
 garbage-first heap   total 261120K, used 241002K [0x0000000080000000, 0x0000000100000000)
  region size 1024K, 79 young (80896K), 4 survivors (4096K)
 Metaspace       used 121788K, committed 124224K, reserved 1179648K
  class space    used 16491K, committed 17728K, reserved 1048576K
}
Event: 201.179 GC heap after
{Heap after GC invocations=53 (full 0):
 garbage-first heap   total 261120K, used 170694K [0x0000000080000000, 0x0000000100000000)
  region size 1024K, 10 young (10240K), 10 survivors (10240K)
 Metaspace       used 121788K, committed 124224K, reserved 1179648K
  class space    used 16491K, committed 17728K, reserved 1048576K
}
Event: 203.271 GC heap before
{Heap before GC invocations=54 (full 0):
 garbage-first heap   total 286720K, used 234182K [0x0000000080000000, 0x0000000100000000)
  region size 1024K, 73 young (74752K), 10 survivors (10240K)
 Metaspace       used 126206K, committed 128704K, reserved 1179648K
  class space    used 17013K, committed 18240K, reserved 1048576K
}
Event: 203.281 GC heap after
{Heap after GC invocations=55 (full 0):
 garbage-first heap   total 286720K, used 171212K [0x0000000080000000, 0x0000000100000000)
  region size 1024K, 5 young (5120K), 5 survivors (5120K)
 Metaspace       used 126206K, committed 128704K, reserved 1179648K
  class space    used 17013K, committed 18240K, reserved 1048576K
}

